Arguments: 
  /usr/local/Cellar/node/9.8.0/bin/node /usr/local/Cellar/yarn/1.5.1_1/libexec/bin/yarn.js add

PATH: 
  /usr/local/mysql/bin:/Users/wangyungyi/opt/apache-maven-3.5.0/bin:/Library/Java/JavaVirtualMachines/jdk1.8.0_144.jdk/Contents/Home/bin:/Users/wangyungyi/Downloads/cocos2d-x-3.9/templates:/Users/wangyungyi/Downloads/cocos2d-x-3.9/tools/cocos2d-console/bin:/Applications/Cocos/Cocos2d-x/cocos2d-x-3.10/templates:/Applications/Cocos/Cocos2d-x:/Applications/Cocos/Cocos2d-x/cocos2d-x-3.10/tools/cocos2d-console/bin:/usr/local/bin:/usr/bin:/bin:/usr/sbin:/sbin:/Users/wangyungyi/phabricator/arcanist/bin

Yarn version: 
  1.5.1

Node version: 
  9.8.0

Platform: 
  darwin x64

npm manifest: 
  {
    "name": "Tips",
    "version": "1.0.0",
    "main": "src/main.js",
    "license": "MIT",
    "scripts": {
      "lint": "eslint --fix ./src/*/*/*.js",
      "dev": "webpack-dev-server --devtool eval --progress --colors --content-base webpack --mode development",
      "start": "electron-forge start",
      "package": "electron-forge package",
      "make": "electron-forge make"
    },
    "dependencies": {
      "electron-compile": "^6.4.2",
      "electron-squirrel-startup": "^1.0.0",
      "react": "^16.2.0",
      "react-dom": "^16.2.0",
      "react-redux": "^5.0.7",
      "redux": "^3.7.2"
    },
    "devDependencies": {
      "antd": "^3.3.3",
      "moment": "^2.21.0",
      "uniqid": "^4.1.1",
      "node-schedule": "^1.3.0",
      "babel-cli": "^6.26.0",
      "babel-core": "^6.26.0",
      "babel-eslint": "^8.2.2",
      "babel-loader": "^7.1.4",
      "babel-plugin-transform-async-to-generator": "^6.24.1",
      "babel-preset-env": "^1.6.1",
      "babel-preset-flow": "^6.23.0",
      "babel-preset-react": "^6.24.1",
      "babel-preset-stage-0": "^6.24.1",
      "css-loader": "^0.28.11",
      "electron-forge": "^5.1.1",
      "electron-prebuilt-compile": "1.8.4",
      "eslint": "^4.19.1",
      "eslint-loader": "^2.0.0",
      "eslint-plugin-flowtype": "^2.46.1",
      "eslint-plugin-react": "^7.7.0",
      "flow-bin": "^0.68.0",
      "html-webpack-plugin": "^3.2.0",
      "less-loader": "^4.1.0",
      "node-sass": "^4.8.3",
      "sass-loader": "^6.0.7",
      "source-map-loader": "^0.2.3",
      "style-loader": "^0.20.3",
      "webpack": "^4.2.0",
      "webpack-cli": "^2.0.12",
      "webpack-dev-server": "^3.1.1"
    },
    "config": {
      "forge": {
        "make_targets": {
          "win32": [
            "squirrel"
          ],
          "darwin": [
            "zip"
          ],
          "linux": [
            "deb",
            "rpm"
          ]
        },
        "electronPackagerConfig": {
          "packageManager": "yarn"
        },
        "electronWinstallerConfig": {
          "name": "Tips"
        },
        "electronInstallerDebian": {},
        "electronInstallerRedhat": {},
        "github_repository": {
          "owner": "",
          "name": ""
        },
        "windowsStoreConfig": {
          "packageName": "",
          "name": "Tips"
        }
      }
    }
  }

yarn manifest: 
  No manifest

Lockfile: 
  No lockfile

Trace: 
  Error: Missing list of packages to add to your project.
      at new MessageError (/usr/local/Cellar/yarn/1.5.1_1/libexec/lib/cli.js:186:110)
      at Object.<anonymous> (/usr/local/Cellar/yarn/1.5.1_1/libexec/lib/cli.js:40587:13)
      at Generator.next (<anonymous>)
      at step (/usr/local/Cellar/yarn/1.5.1_1/libexec/lib/cli.js:98:30)
      at /usr/local/Cellar/yarn/1.5.1_1/libexec/lib/cli.js:116:14
      at new Promise (<anonymous>)
      at new F (/usr/local/Cellar/yarn/1.5.1_1/libexec/lib/cli.js:23451:28)
      at Object.<anonymous> (/usr/local/Cellar/yarn/1.5.1_1/libexec/lib/cli.js:95:12)
      at Object.run (/usr/local/Cellar/yarn/1.5.1_1/libexec/lib/cli.js:40599:19)
      at run (/usr/local/Cellar/yarn/1.5.1_1/libexec/lib/cli.js:89113:20)
